C51 COMPILER V9.00   CARD_WRITER_USB485_232                                                03/15/2017 16:59:06 PAGE 1   


C51 COMPILER V9.00, COMPILATION OF MODULE CARD_WRITER_USB485_232
OBJECT MODULE PLACED IN CARD_WRITER_usb485_232.OBJ
COMPILER INVOKED BY: d:\Keil\C51\BIN\C51.EXE CARD_WRITER_usb485_232.c BROWSE DEBUG OBJECTEXTEND TABS(2)

line level    source

   1          ////**********************************////
   2          //=================//
   3          //本程序适用于
   4          //用于USB485-232 写卡器
   5          //MCU：stc12c5a08s2
   6          //晶振：29.4912MHz 震荡周期0.4069us
   7          //文件：CARD_WRITER_usb485_232.C
   8          //================//
   9          ////**********************************////
  10          #include<STC_INIT.H>
  11          #include<STC_ISR.H>
  12          #include<STC_USER.H>
  13          extern bit delay1s_ready;
  14          void main(void)
  15          { 
  16   1        //int i=60000;
  17   1        init();
  18   1        REN=1;
  19   1        EA=1;
  20   1        //while(i--); 
  21   1        while(!delay1s_ready);
  22   1        //cardhead_OPENorCLOSE(0x01);
  23   1        while(1)
  24   1        {
  25   2          action();
  26   2        }
  27   1      }


MODULE INFORMATION:   STATIC OVERLAYABLE
   CODE SIZE        =     15    ----
   CONSTANT SIZE    =   ----    ----
   XDATA SIZE       =   ----    ----
   PDATA SIZE       =   ----    ----
   DATA SIZE        =   ----    ----
   IDATA SIZE       =   ----    ----
   BIT SIZE         =   ----    ----
END OF MODULE INFORMATION.


C51 COMPILATION COMPLETE.  0 WARNING(S),  0 ERROR(S)
